Arguments: 
  /usr/local/bin/node /usr/local/bin/yarn install

PATH: 
  /Library/Frameworks/Python.framework/Versions/3.7/bin:/anaconda2/bin:/Library/Frameworks/Python.framework/Versions/3.7/bin:/Library/Frameworks/Python.framework/Versions/2.7/bin:/Users/ruslanlizogub/.sdkman/candidates/scala/current/bin:/Users/ruslanlizogub/.sdkman/candidates/sbt/current/bin:/Users/ruslanlizogub/.sdkman/candidates/gradle/current/bin:/Library/Frameworks/Python.framework/Versions/2.7/bin:/usr/local/bin:/usr/bin:/bin:/usr/sbin:/sbin:/usr/local/go/bin

Yarn version: 
  1.3.2

Node version: 
  14.15.1

Platform: 
  darwin x64

npm manifest: 
  {
    "name": "test-api",
    "version": "1.0.0",
    "description": "test-api",
    "scripts": {
      "testDefault": "mocha src/specs/*",
    },
    "mocha": {},
    "dependencies": {
      "chai": "^4.2.0",
      "mocha": "^6.2.2",
      "superagent": "^5.1.0"
    }
  }

yarn manifest: 
  No manifest

Lockfile: 
  No lockfile

Trace: 
  SyntaxError: /Users/ruslanlizogub/git/education/e2e-api-example-test2/package.json: Unexpected token } in JSON at position 132
      at JSON.parse (<anonymous>)
      at /usr/local/lib/node_modules/yarn/lib/cli.js:770:59
      at Generator.next (<anonymous>)
      at step (/usr/local/lib/node_modules/yarn/lib/cli.js:92:30)
      at /usr/local/lib/node_modules/yarn/lib/cli.js:103:13
